<?xml version="1.0" encoding="UTF-8"?>
<testsuite xmlns:xsi="http://www.w3.org/2001/XMLSchema-instance" xsi:noNamespaceSchemaLocation="https://maven.apache.org/surefire/maven-surefire-plugin/xsd/surefire-test-report.xsd" name="org.example.AppTest" time="0.005" tests="1" errors="0" skipped="0" failures="0">
  <properties>
    <property name="sun.desktop" value="windows"/>
    <property name="awt.toolkit" value="sun.awt.windows.WToolkit"/>
    <property name="java.specification.version" value="11"/>
    <property name="sun.cpu.isalist" value="amd64"/>
    <property name="sun.jnu.encoding" value="GBK"/>
    <property name="java.class.path" value="F:\Program\Java\DiningOrder\target\test-classes;F:\Program\Java\DiningOrder\target\classes;F:\apache-maven-3.8.5\repository\org\springframework\boot\spring-boot-starter\2.3.5.RELEASE\spring-boot-starter-2.3.5.RELEASE.jar;F:\apache-maven-3.8.5\repository\org\springframework\boot\spring-boot\2.3.5.RELEASE\spring-boot-2.3.5.RELEASE.jar;F:\apache-maven-3.8.5\repository\org\springframework\spring-context\5.2.10.RELEASE\spring-context-5.2.10.RELEASE.jar;F:\apache-maven-3.8.5\repository\org\springframework\boot\spring-boot-autoconfigure\2.3.5.RELEASE\spring-boot-autoconfigure-2.3.5.RELEASE.jar;F:\apache-maven-3.8.5\repository\org\springframework\boot\spring-boot-starter-logging\2.3.5.RELEASE\spring-boot-starter-logging-2.3.5.RELEASE.jar;F:\apache-maven-3.8.5\repository\ch\qos\logback\logback-classic\1.2.3\logback-classic-1.2.3.jar;F:\apache-maven-3.8.5\repository\ch\qos\logback\logback-core\1.2.3\logback-core-1.2.3.jar;F:\apache-maven-3.8.5\repository\org\apache\logging\log4j\log4j-to-slf4j\2.13.3\log4j-to-slf4j-2.13.3.jar;F:\apache-maven-3.8.5\repository\org\apache\logging\log4j\log4j-api\2.13.3\log4j-api-2.13.3.jar;F:\apache-maven-3.8.5\repository\org\slf4j\jul-to-slf4j\1.7.30\jul-to-slf4j-1.7.30.jar;F:\apache-maven-3.8.5\repository\jakarta\annotation\jakarta.annotation-api\1.3.5\jakarta.annotation-api-1.3.5.jar;F:\apache-maven-3.8.5\repository\org\springframework\spring-core\5.2.10.RELEASE\spring-core-5.2.10.RELEASE.jar;F:\apache-maven-3.8.5\repository\org\springframework\spring-jcl\5.2.10.RELEASE\spring-jcl-5.2.10.RELEASE.jar;F:\apache-maven-3.8.5\repository\org\yaml\snakeyaml\1.26\snakeyaml-1.26.jar;F:\apache-maven-3.8.5\repository\org\springframework\boot\spring-boot-starter-test\2.3.5.RELEASE\spring-boot-starter-test-2.3.5.RELEASE.jar;F:\apache-maven-3.8.5\repository\org\springframework\boot\spring-boot-test\2.3.5.RELEASE\spring-boot-test-2.3.5.RELEASE.jar;F:\apache-maven-3.8.5\repository\org\springframework\boot\spring-boot-test-autoconfigure\2.3.5.RELEASE\spring-boot-test-autoconfigure-2.3.5.RELEASE.jar;F:\apache-maven-3.8.5\repository\com\jayway\jsonpath\json-path\2.4.0\json-path-2.4.0.jar;F:\apache-maven-3.8.5\repository\net\minidev\json-smart\2.3\json-smart-2.3.jar;F:\apache-maven-3.8.5\repository\net\minidev\accessors-smart\1.2\accessors-smart-1.2.jar;F:\apache-maven-3.8.5\repository\org\ow2\asm\asm\5.0.4\asm-5.0.4.jar;F:\apache-maven-3.8.5\repository\jakarta\xml\bind\jakarta.xml.bind-api\2.3.3\jakarta.xml.bind-api-2.3.3.jar;F:\apache-maven-3.8.5\repository\jakarta\activation\jakarta.activation-api\1.2.2\jakarta.activation-api-1.2.2.jar;F:\apache-maven-3.8.5\repository\org\assertj\assertj-core\3.16.1\assertj-core-3.16.1.jar;F:\apache-maven-3.8.5\repository\org\hamcrest\hamcrest\2.2\hamcrest-2.2.jar;F:\apache-maven-3.8.5\repository\org\junit\jupiter\junit-jupiter\5.6.3\junit-jupiter-5.6.3.jar;F:\apache-maven-3.8.5\repository\org\junit\jupiter\junit-jupiter-api\5.6.3\junit-jupiter-api-5.6.3.jar;F:\apache-maven-3.8.5\repository\org\opentest4j\opentest4j\1.2.0\opentest4j-1.2.0.jar;F:\apache-maven-3.8.5\repository\org\junit\platform\junit-platform-commons\1.6.3\junit-platform-commons-1.6.3.jar;F:\apache-maven-3.8.5\repository\org\junit\jupiter\junit-jupiter-params\5.6.3\junit-jupiter-params-5.6.3.jar;F:\apache-maven-3.8.5\repository\org\junit\jupiter\junit-jupiter-engine\5.6.3\junit-jupiter-engine-5.6.3.jar;F:\apache-maven-3.8.5\repository\org\junit\vintage\junit-vintage-engine\5.6.3\junit-vintage-engine-5.6.3.jar;F:\apache-maven-3.8.5\repository\org\apiguardian\apiguardian-api\1.1.0\apiguardian-api-1.1.0.jar;F:\apache-maven-3.8.5\repository\org\junit\platform\junit-platform-engine\1.6.3\junit-platform-engine-1.6.3.jar;F:\apache-maven-3.8.5\repository\junit\junit\4.13.1\junit-4.13.1.jar;F:\apache-maven-3.8.5\repository\org\mockito\mockito-core\3.3.3\mockito-core-3.3.3.jar;F:\apache-maven-3.8.5\repository\net\bytebuddy\byte-buddy\1.10.17\byte-buddy-1.10.17.jar;F:\apache-maven-3.8.5\repository\net\bytebuddy\byte-buddy-agent\1.10.17\byte-buddy-agent-1.10.17.jar;F:\apache-maven-3.8.5\repository\org\objenesis\objenesis\2.6\objenesis-2.6.jar;F:\apache-maven-3.8.5\repository\org\mockito\mockito-junit-jupiter\3.3.3\mockito-junit-jupiter-3.3.3.jar;F:\apache-maven-3.8.5\repository\org\skyscreamer\jsonassert\1.5.0\jsonassert-1.5.0.jar;F:\apache-maven-3.8.5\repository\com\vaadin\external\google\android-json\0.0.20131108.vaadin1\android-json-0.0.20131108.vaadin1.jar;F:\apache-maven-3.8.5\repository\org\springframework\spring-test\5.2.10.RELEASE\spring-test-5.2.10.RELEASE.jar;F:\apache-maven-3.8.5\repository\org\xmlunit\xmlunit-core\2.7.0\xmlunit-core-2.7.0.jar;F:\apache-maven-3.8.5\repository\org\springframework\boot\spring-boot-starter-web\2.3.5.RELEASE\spring-boot-starter-web-2.3.5.RELEASE.jar;F:\apache-maven-3.8.5\repository\org\springframework\boot\spring-boot-starter-json\2.3.5.RELEASE\spring-boot-starter-json-2.3.5.RELEASE.jar;F:\apache-maven-3.8.5\repository\com\fasterxml\jackson\core\jackson-databind\2.11.3\jackson-databind-2.11.3.jar;F:\apache-maven-3.8.5\repository\com\fasterxml\jackson\core\jackson-annotations\2.11.3\jackson-annotations-2.11.3.jar;F:\apache-maven-3.8.5\repository\com\fasterxml\jackson\core\jackson-core\2.11.3\jackson-core-2.11.3.jar;F:\apache-maven-3.8.5\repository\com\fasterxml\jackson\datatype\jackson-datatype-jdk8\2.11.3\jackson-datatype-jdk8-2.11.3.jar;F:\apache-maven-3.8.5\repository\com\fasterxml\jackson\datatype\jackson-datatype-jsr310\2.11.3\jackson-datatype-jsr310-2.11.3.jar;F:\apache-maven-3.8.5\repository\com\fasterxml\jackson\module\jackson-module-parameter-names\2.11.3\jackson-module-parameter-names-2.11.3.jar;F:\apache-maven-3.8.5\repository\org\springframework\boot\spring-boot-starter-tomcat\2.3.5.RELEASE\spring-boot-starter-tomcat-2.3.5.RELEASE.jar;F:\apache-maven-3.8.5\repository\org\apache\tomcat\embed\tomcat-embed-core\9.0.39\tomcat-embed-core-9.0.39.jar;F:\apache-maven-3.8.5\repository\org\glassfish\jakarta.el\3.0.3\jakarta.el-3.0.3.jar;F:\apache-maven-3.8.5\repository\org\apache\tomcat\embed\tomcat-embed-websocket\9.0.39\tomcat-embed-websocket-9.0.39.jar;F:\apache-maven-3.8.5\repository\org\springframework\spring-web\5.2.10.RELEASE\spring-web-5.2.10.RELEASE.jar;F:\apache-maven-3.8.5\repository\org\springframework\spring-beans\5.2.10.RELEASE\spring-beans-5.2.10.RELEASE.jar;F:\apache-maven-3.8.5\repository\org\springframework\spring-webmvc\5.2.10.RELEASE\spring-webmvc-5.2.10.RELEASE.jar;F:\apache-maven-3.8.5\repository\org\springframework\spring-aop\5.2.10.RELEASE\spring-aop-5.2.10.RELEASE.jar;F:\apache-maven-3.8.5\repository\org\springframework\spring-expression\5.2.10.RELEASE\spring-expression-5.2.10.RELEASE.jar;F:\apache-maven-3.8.5\repository\com\baomidou\mybatis-plus-boot-starter\3.4.0\mybatis-plus-boot-starter-3.4.0.jar;F:\apache-maven-3.8.5\repository\com\baomidou\mybatis-plus\3.4.0\mybatis-plus-3.4.0.jar;F:\apache-maven-3.8.5\repository\com\baomidou\mybatis-plus-extension\3.4.0\mybatis-plus-extension-3.4.0.jar;F:\apache-maven-3.8.5\repository\com\baomidou\mybatis-plus-core\3.4.0\mybatis-plus-core-3.4.0.jar;F:\apache-maven-3.8.5\repository\com\baomidou\mybatis-plus-annotation\3.4.0\mybatis-plus-annotation-3.4.0.jar;F:\apache-maven-3.8.5\repository\com\github\jsqlparser\jsqlparser\3.2\jsqlparser-3.2.jar;F:\apache-maven-3.8.5\repository\org\mybatis\mybatis\3.5.5\mybatis-3.5.5.jar;F:\apache-maven-3.8.5\repository\org\mybatis\mybatis-spring\2.0.5\mybatis-spring-2.0.5.jar;F:\apache-maven-3.8.5\repository\org\springframework\boot\spring-boot-starter-jdbc\2.3.5.RELEASE\spring-boot-starter-jdbc-2.3.5.RELEASE.jar;F:\apache-maven-3.8.5\repository\com\zaxxer\HikariCP\3.4.5\HikariCP-3.4.5.jar;F:\apache-maven-3.8.5\repository\org\springframework\spring-jdbc\5.2.10.RELEASE\spring-jdbc-5.2.10.RELEASE.jar;F:\apache-maven-3.8.5\repository\com\alibaba\fastjson\1.2.68\fastjson-1.2.68.jar;F:\apache-maven-3.8.5\repository\commons-lang\commons-lang\2.6\commons-lang-2.6.jar;F:\apache-maven-3.8.5\repository\mysql\mysql-connector-java\8.0.22\mysql-connector-java-8.0.22.jar;F:\apache-maven-3.8.5\repository\com\alibaba\druid-spring-boot-starter\1.1.21\druid-spring-boot-starter-1.1.21.jar;F:\apache-maven-3.8.5\repository\com\alibaba\druid\1.1.21\druid-1.1.21.jar;F:\apache-maven-3.8.5\repository\org\slf4j\slf4j-api\1.7.30\slf4j-api-1.7.30.jar;F:\apache-maven-3.8.5\repository\org\projectlombok\lombok\1.18.16\lombok-1.18.16.jar;F:\apache-maven-3.8.5\repository\com\google\guava\guava\10.0.1\guava-10.0.1.jar;F:\apache-maven-3.8.5\repository\com\google\code\findbugs\jsr305\1.3.9\jsr305-1.3.9.jar;F:\apache-maven-3.8.5\repository\org\hibernate\validator\hibernate-validator\6.2.0.Final\hibernate-validator-6.2.0.Final.jar;F:\apache-maven-3.8.5\repository\jakarta\validation\jakarta.validation-api\2.0.2\jakarta.validation-api-2.0.2.jar;F:\apache-maven-3.8.5\repository\org\jboss\logging\jboss-logging\3.4.1.Final\jboss-logging-3.4.1.Final.jar;F:\apache-maven-3.8.5\repository\com\fasterxml\classmate\1.5.1\classmate-1.5.1.jar;F:\apache-maven-3.8.5\repository\org\springframework\boot\spring-boot-starter-data-redis\2.3.5.RELEASE\spring-boot-starter-data-redis-2.3.5.RELEASE.jar;F:\apache-maven-3.8.5\repository\org\springframework\data\spring-data-redis\2.3.5.RELEASE\spring-data-redis-2.3.5.RELEASE.jar;F:\apache-maven-3.8.5\repository\org\springframework\data\spring-data-keyvalue\2.3.5.RELEASE\spring-data-keyvalue-2.3.5.RELEASE.jar;F:\apache-maven-3.8.5\repository\org\springframework\data\spring-data-commons\2.3.5.RELEASE\spring-data-commons-2.3.5.RELEASE.jar;F:\apache-maven-3.8.5\repository\org\springframework\spring-tx\5.2.10.RELEASE\spring-tx-5.2.10.RELEASE.jar;F:\apache-maven-3.8.5\repository\org\springframework\spring-oxm\5.2.10.RELEASE\spring-oxm-5.2.10.RELEASE.jar;F:\apache-maven-3.8.5\repository\io\lettuce\lettuce-core\5.3.5.RELEASE\lettuce-core-5.3.5.RELEASE.jar;F:\apache-maven-3.8.5\repository\io\netty\netty-common\4.1.53.Final\netty-common-4.1.53.Final.jar;F:\apache-maven-3.8.5\repository\io\netty\netty-handler\4.1.53.Final\netty-handler-4.1.53.Final.jar;F:\apache-maven-3.8.5\repository\io\netty\netty-resolver\4.1.53.Final\netty-resolver-4.1.53.Final.jar;F:\apache-maven-3.8.5\repository\io\netty\netty-buffer\4.1.53.Final\netty-buffer-4.1.53.Final.jar;F:\apache-maven-3.8.5\repository\io\netty\netty-codec\4.1.53.Final\netty-codec-4.1.53.Final.jar;F:\apache-maven-3.8.5\repository\io\netty\netty-transport\4.1.53.Final\netty-transport-4.1.53.Final.jar;F:\apache-maven-3.8.5\repository\io\projectreactor\reactor-core\3.3.11.RELEASE\reactor-core-3.3.11.RELEASE.jar;F:\apache-maven-3.8.5\repository\org\reactivestreams\reactive-streams\1.0.3\reactive-streams-1.0.3.jar;F:\apache-maven-3.8.5\repository\org\springframework\boot\spring-boot-starter-cache\2.3.5.RELEASE\spring-boot-starter-cache-2.3.5.RELEASE.jar;F:\apache-maven-3.8.5\repository\org\springframework\spring-context-support\5.2.10.RELEASE\spring-context-support-5.2.10.RELEASE.jar;F:\apache-maven-3.8.5\repository\org\springframework\session\spring-session-data-redis\2.3.1.RELEASE\spring-session-data-redis-2.3.1.RELEASE.jar;F:\apache-maven-3.8.5\repository\org\springframework\session\spring-session-core\2.3.1.RELEASE\spring-session-core-2.3.1.RELEASE.jar;"/>
    <property name="java.vm.vendor" value="Oracle Corporation"/>
    <property name="sun.arch.data.model" value="64"/>
    <property name="user.variant" value=""/>
    <property name="java.vendor.url" value="https://openjdk.java.net/"/>
    <property name="user.timezone" value="Asia/Shanghai"/>
    <property name="java.vm.specification.version" value="11"/>
    <property name="os.name" value="Windows 10"/>
    <property name="sun.java.launcher" value="SUN_STANDARD"/>
    <property name="user.country" value="CN"/>
    <property name="sun.boot.library.path" value="C:\Program Files\Java\jdk-11.0.10\bin"/>
    <property name="sun.java.command" value="C:\Users\Xu\AppData\Local\Temp\surefire9474811921563589495\surefirebooter1352724708160106509.jar C:\Users\Xu\AppData\Local\Temp\surefire9474811921563589495 2023-08-14T09-24-05_590-jvmRun1 surefire11533999791144022460tmp surefire_010639676942706023912tmp"/>
    <property name="jdk.debug" value="release"/>
    <property name="surefire.test.class.path" value="F:\Program\Java\DiningOrder\target\test-classes;F:\Program\Java\DiningOrder\target\classes;F:\apache-maven-3.8.5\repository\org\springframework\boot\spring-boot-starter\2.3.5.RELEASE\spring-boot-starter-2.3.5.RELEASE.jar;F:\apache-maven-3.8.5\repository\org\springframework\boot\spring-boot\2.3.5.RELEASE\spring-boot-2.3.5.RELEASE.jar;F:\apache-maven-3.8.5\repository\org\springframework\spring-context\5.2.10.RELEASE\spring-context-5.2.10.RELEASE.jar;F:\apache-maven-3.8.5\repository\org\springframework\boot\spring-boot-autoconfigure\2.3.5.RELEASE\spring-boot-autoconfigure-2.3.5.RELEASE.jar;F:\apache-maven-3.8.5\repository\org\springframework\boot\spring-boot-starter-logging\2.3.5.RELEASE\spring-boot-starter-logging-2.3.5.RELEASE.jar;F:\apache-maven-3.8.5\repository\ch\qos\logback\logback-classic\1.2.3\logback-classic-1.2.3.jar;F:\apache-maven-3.8.5\repository\ch\qos\logback\logback-core\1.2.3\logback-core-1.2.3.jar;F:\apache-maven-3.8.5\repository\org\apache\logging\log4j\log4j-to-slf4j\2.13.3\log4j-to-slf4j-2.13.3.jar;F:\apache-maven-3.8.5\repository\org\apache\logging\log4j\log4j-api\2.13.3\log4j-api-2.13.3.jar;F:\apache-maven-3.8.5\repository\org\slf4j\jul-to-slf4j\1.7.30\jul-to-slf4j-1.7.30.jar;F:\apache-maven-3.8.5\repository\jakarta\annotation\jakarta.annotation-api\1.3.5\jakarta.annotation-api-1.3.5.jar;F:\apache-maven-3.8.5\repository\org\springframework\spring-core\5.2.10.RELEASE\spring-core-5.2.10.RELEASE.jar;F:\apache-maven-3.8.5\repository\org\springframework\spring-jcl\5.2.10.RELEASE\spring-jcl-5.2.10.RELEASE.jar;F:\apache-maven-3.8.5\repository\org\yaml\snakeyaml\1.26\snakeyaml-1.26.jar;F:\apache-maven-3.8.5\repository\org\springframework\boot\spring-boot-starter-test\2.3.5.RELEASE\spring-boot-starter-test-2.3.5.RELEASE.jar;F:\apache-maven-3.8.5\repository\org\springframework\boot\spring-boot-test\2.3.5.RELEASE\spring-boot-test-2.3.5.RELEASE.jar;F:\apache-maven-3.8.5\repository\org\springframework\boot\spring-boot-test-autoconfigure\2.3.5.RELEASE\spring-boot-test-autoconfigure-2.3.5.RELEASE.jar;F:\apache-maven-3.8.5\repository\com\jayway\jsonpath\json-path\2.4.0\json-path-2.4.0.jar;F:\apache-maven-3.8.5\repository\net\minidev\json-smart\2.3\json-smart-2.3.jar;F:\apache-maven-3.8.5\repository\net\minidev\accessors-smart\1.2\accessors-smart-1.2.jar;F:\apache-maven-3.8.5\repository\org\ow2\asm\asm\5.0.4\asm-5.0.4.jar;F:\apache-maven-3.8.5\repository\jakarta\xml\bind\jakarta.xml.bind-api\2.3.3\jakarta.xml.bind-api-2.3.3.jar;F:\apache-maven-3.8.5\repository\jakarta\activation\jakarta.activation-api\1.2.2\jakarta.activation-api-1.2.2.jar;F:\apache-maven-3.8.5\repository\org\assertj\assertj-core\3.16.1\assertj-core-3.16.1.jar;F:\apache-maven-3.8.5\repository\org\hamcrest\hamcrest\2.2\hamcrest-2.2.jar;F:\apache-maven-3.8.5\repository\org\junit\jupiter\junit-jupiter\5.6.3\junit-jupiter-5.6.3.jar;F:\apache-maven-3.8.5\repository\org\junit\jupiter\junit-jupiter-api\5.6.3\junit-jupiter-api-5.6.3.jar;F:\apache-maven-3.8.5\repository\org\opentest4j\opentest4j\1.2.0\opentest4j-1.2.0.jar;F:\apache-maven-3.8.5\repository\org\junit\platform\junit-platform-commons\1.6.3\junit-platform-commons-1.6.3.jar;F:\apache-maven-3.8.5\repository\org\junit\jupiter\junit-jupiter-params\5.6.3\junit-jupiter-params-5.6.3.jar;F:\apache-maven-3.8.5\repository\org\junit\jupiter\junit-jupiter-engine\5.6.3\junit-jupiter-engine-5.6.3.jar;F:\apache-maven-3.8.5\repository\org\junit\vintage\junit-vintage-engine\5.6.3\junit-vintage-engine-5.6.3.jar;F:\apache-maven-3.8.5\repository\org\apiguardian\apiguardian-api\1.1.0\apiguardian-api-1.1.0.jar;F:\apache-maven-3.8.5\repository\org\junit\platform\junit-platform-engine\1.6.3\junit-platform-engine-1.6.3.jar;F:\apache-maven-3.8.5\repository\junit\junit\4.13.1\junit-4.13.1.jar;F:\apache-maven-3.8.5\repository\org\mockito\mockito-core\3.3.3\mockito-core-3.3.3.jar;F:\apache-maven-3.8.5\repository\net\bytebuddy\byte-buddy\1.10.17\byte-buddy-1.10.17.jar;F:\apache-maven-3.8.5\repository\net\bytebuddy\byte-buddy-agent\1.10.17\byte-buddy-agent-1.10.17.jar;F:\apache-maven-3.8.5\repository\org\objenesis\objenesis\2.6\objenesis-2.6.jar;F:\apache-maven-3.8.5\repository\org\mockito\mockito-junit-jupiter\3.3.3\mockito-junit-jupiter-3.3.3.jar;F:\apache-maven-3.8.5\repository\org\skyscreamer\jsonassert\1.5.0\jsonassert-1.5.0.jar;F:\apache-maven-3.8.5\repository\com\vaadin\external\google\android-json\0.0.20131108.vaadin1\android-json-0.0.20131108.vaadin1.jar;F:\apache-maven-3.8.5\repository\org\springframework\spring-test\5.2.10.RELEASE\spring-test-5.2.10.RELEASE.jar;F:\apache-maven-3.8.5\repository\org\xmlunit\xmlunit-core\2.7.0\xmlunit-core-2.7.0.jar;F:\apache-maven-3.8.5\repository\org\springframework\boot\spring-boot-starter-web\2.3.5.RELEASE\spring-boot-starter-web-2.3.5.RELEASE.jar;F:\apache-maven-3.8.5\repository\org\springframework\boot\spring-boot-starter-json\2.3.5.RELEASE\spring-boot-starter-json-2.3.5.RELEASE.jar;F:\apache-maven-3.8.5\repository\com\fasterxml\jackson\core\jackson-databind\2.11.3\jackson-databind-2.11.3.jar;F:\apache-maven-3.8.5\repository\com\fasterxml\jackson\core\jackson-annotations\2.11.3\jackson-annotations-2.11.3.jar;F:\apache-maven-3.8.5\repository\com\fasterxml\jackson\core\jackson-core\2.11.3\jackson-core-2.11.3.jar;F:\apache-maven-3.8.5\repository\com\fasterxml\jackson\datatype\jackson-datatype-jdk8\2.11.3\jackson-datatype-jdk8-2.11.3.jar;F:\apache-maven-3.8.5\repository\com\fasterxml\jackson\datatype\jackson-datatype-jsr310\2.11.3\jackson-datatype-jsr310-2.11.3.jar;F:\apache-maven-3.8.5\repository\com\fasterxml\jackson\module\jackson-module-parameter-names\2.11.3\jackson-module-parameter-names-2.11.3.jar;F:\apache-maven-3.8.5\repository\org\springframework\boot\spring-boot-starter-tomcat\2.3.5.RELEASE\spring-boot-starter-tomcat-2.3.5.RELEASE.jar;F:\apache-maven-3.8.5\repository\org\apache\tomcat\embed\tomcat-embed-core\9.0.39\tomcat-embed-core-9.0.39.jar;F:\apache-maven-3.8.5\repository\org\glassfish\jakarta.el\3.0.3\jakarta.el-3.0.3.jar;F:\apache-maven-3.8.5\repository\org\apache\tomcat\embed\tomcat-embed-websocket\9.0.39\tomcat-embed-websocket-9.0.39.jar;F:\apache-maven-3.8.5\repository\org\springframework\spring-web\5.2.10.RELEASE\spring-web-5.2.10.RELEASE.jar;F:\apache-maven-3.8.5\repository\org\springframework\spring-beans\5.2.10.RELEASE\spring-beans-5.2.10.RELEASE.jar;F:\apache-maven-3.8.5\repository\org\springframework\spring-webmvc\5.2.10.RELEASE\spring-webmvc-5.2.10.RELEASE.jar;F:\apache-maven-3.8.5\repository\org\springframework\spring-aop\5.2.10.RELEASE\spring-aop-5.2.10.RELEASE.jar;F:\apache-maven-3.8.5\repository\org\springframework\spring-expression\5.2.10.RELEASE\spring-expression-5.2.10.RELEASE.jar;F:\apache-maven-3.8.5\repository\com\baomidou\mybatis-plus-boot-starter\3.4.0\mybatis-plus-boot-starter-3.4.0.jar;F:\apache-maven-3.8.5\repository\com\baomidou\mybatis-plus\3.4.0\mybatis-plus-3.4.0.jar;F:\apache-maven-3.8.5\repository\com\baomidou\mybatis-plus-extension\3.4.0\mybatis-plus-extension-3.4.0.jar;F:\apache-maven-3.8.5\repository\com\baomidou\mybatis-plus-core\3.4.0\mybatis-plus-core-3.4.0.jar;F:\apache-maven-3.8.5\repository\com\baomidou\mybatis-plus-annotation\3.4.0\mybatis-plus-annotation-3.4.0.jar;F:\apache-maven-3.8.5\repository\com\github\jsqlparser\jsqlparser\3.2\jsqlparser-3.2.jar;F:\apache-maven-3.8.5\repository\org\mybatis\mybatis\3.5.5\mybatis-3.5.5.jar;F:\apache-maven-3.8.5\repository\org\mybatis\mybatis-spring\2.0.5\mybatis-spring-2.0.5.jar;F:\apache-maven-3.8.5\repository\org\springframework\boot\spring-boot-starter-jdbc\2.3.5.RELEASE\spring-boot-starter-jdbc-2.3.5.RELEASE.jar;F:\apache-maven-3.8.5\repository\com\zaxxer\HikariCP\3.4.5\HikariCP-3.4.5.jar;F:\apache-maven-3.8.5\repository\org\springframework\spring-jdbc\5.2.10.RELEASE\spring-jdbc-5.2.10.RELEASE.jar;F:\apache-maven-3.8.5\repository\com\alibaba\fastjson\1.2.68\fastjson-1.2.68.jar;F:\apache-maven-3.8.5\repository\commons-lang\commons-lang\2.6\commons-lang-2.6.jar;F:\apache-maven-3.8.5\repository\mysql\mysql-connector-java\8.0.22\mysql-connector-java-8.0.22.jar;F:\apache-maven-3.8.5\repository\com\alibaba\druid-spring-boot-starter\1.1.21\druid-spring-boot-starter-1.1.21.jar;F:\apache-maven-3.8.5\repository\com\alibaba\druid\1.1.21\druid-1.1.21.jar;F:\apache-maven-3.8.5\repository\org\slf4j\slf4j-api\1.7.30\slf4j-api-1.7.30.jar;F:\apache-maven-3.8.5\repository\org\projectlombok\lombok\1.18.16\lombok-1.18.16.jar;F:\apache-maven-3.8.5\repository\com\google\guava\guava\10.0.1\guava-10.0.1.jar;F:\apache-maven-3.8.5\repository\com\google\code\findbugs\jsr305\1.3.9\jsr305-1.3.9.jar;F:\apache-maven-3.8.5\repository\org\hibernate\validator\hibernate-validator\6.2.0.Final\hibernate-validator-6.2.0.Final.jar;F:\apache-maven-3.8.5\repository\jakarta\validation\jakarta.validation-api\2.0.2\jakarta.validation-api-2.0.2.jar;F:\apache-maven-3.8.5\repository\org\jboss\logging\jboss-logging\3.4.1.Final\jboss-logging-3.4.1.Final.jar;F:\apache-maven-3.8.5\repository\com\fasterxml\classmate\1.5.1\classmate-1.5.1.jar;F:\apache-maven-3.8.5\repository\org\springframework\boot\spring-boot-starter-data-redis\2.3.5.RELEASE\spring-boot-starter-data-redis-2.3.5.RELEASE.jar;F:\apache-maven-3.8.5\repository\org\springframework\data\spring-data-redis\2.3.5.RELEASE\spring-data-redis-2.3.5.RELEASE.jar;F:\apache-maven-3.8.5\repository\org\springframework\data\spring-data-keyvalue\2.3.5.RELEASE\spring-data-keyvalue-2.3.5.RELEASE.jar;F:\apache-maven-3.8.5\repository\org\springframework\data\spring-data-commons\2.3.5.RELEASE\spring-data-commons-2.3.5.RELEASE.jar;F:\apache-maven-3.8.5\repository\org\springframework\spring-tx\5.2.10.RELEASE\spring-tx-5.2.10.RELEASE.jar;F:\apache-maven-3.8.5\repository\org\springframework\spring-oxm\5.2.10.RELEASE\spring-oxm-5.2.10.RELEASE.jar;F:\apache-maven-3.8.5\repository\io\lettuce\lettuce-core\5.3.5.RELEASE\lettuce-core-5.3.5.RELEASE.jar;F:\apache-maven-3.8.5\repository\io\netty\netty-common\4.1.53.Final\netty-common-4.1.53.Final.jar;F:\apache-maven-3.8.5\repository\io\netty\netty-handler\4.1.53.Final\netty-handler-4.1.53.Final.jar;F:\apache-maven-3.8.5\repository\io\netty\netty-resolver\4.1.53.Final\netty-resolver-4.1.53.Final.jar;F:\apache-maven-3.8.5\repository\io\netty\netty-buffer\4.1.53.Final\netty-buffer-4.1.53.Final.jar;F:\apache-maven-3.8.5\repository\io\netty\netty-codec\4.1.53.Final\netty-codec-4.1.53.Final.jar;F:\apache-maven-3.8.5\repository\io\netty\netty-transport\4.1.53.Final\netty-transport-4.1.53.Final.jar;F:\apache-maven-3.8.5\repository\io\projectreactor\reactor-core\3.3.11.RELEASE\reactor-core-3.3.11.RELEASE.jar;F:\apache-maven-3.8.5\repository\org\reactivestreams\reactive-streams\1.0.3\reactive-streams-1.0.3.jar;F:\apache-maven-3.8.5\repository\org\springframework\boot\spring-boot-starter-cache\2.3.5.RELEASE\spring-boot-starter-cache-2.3.5.RELEASE.jar;F:\apache-maven-3.8.5\repository\org\springframework\spring-context-support\5.2.10.RELEASE\spring-context-support-5.2.10.RELEASE.jar;F:\apache-maven-3.8.5\repository\org\springframework\session\spring-session-data-redis\2.3.1.RELEASE\spring-session-data-redis-2.3.1.RELEASE.jar;F:\apache-maven-3.8.5\repository\org\springframework\session\spring-session-core\2.3.1.RELEASE\spring-session-core-2.3.1.RELEASE.jar;"/>
    <property name="sun.cpu.endian" value="little"/>
    <property name="user.home" value="C:\Users\Xu"/>
    <property name="user.language" value="zh"/>
    <property name="java.specification.vendor" value="Oracle Corporation"/>
    <property name="java.version.date" value="2021-01-19"/>
    <property name="java.home" value="C:\Program Files\Java\jdk-11.0.10"/>
    <property name="file.separator" value="\"/>
    <property name="basedir" value="F:\Program\Java\DiningOrder"/>
    <property name="java.vm.compressedOopsMode" value="Zero based"/>
    <property name="line.separator" value="&#10;"/>
    <property name="java.specification.name" value="Java Platform API Specification"/>
    <property name="java.vm.specification.vendor" value="Oracle Corporation"/>
    <property name="java.awt.graphicsenv" value="sun.awt.Win32GraphicsEnvironment"/>
    <property name="surefire.real.class.path" value="C:\Users\Xu\AppData\Local\Temp\surefire9474811921563589495\surefirebooter1352724708160106509.jar"/>
    <property name="user.script" value=""/>
    <property name="sun.management.compiler" value="HotSpot 64-Bit Tiered Compilers"/>
    <property name="java.runtime.version" value="11.0.10+8-LTS-162"/>
    <property name="user.name" value="Xu"/>
    <property name="path.separator" value=";"/>
    <property name="os.version" value="10.0"/>
    <property name="java.runtime.name" value="Java(TM) SE Runtime Environment"/>
    <property name="file.encoding" value="GBK"/>
    <property name="java.vm.name" value="Java HotSpot(TM) 64-Bit Server VM"/>
    <property name="java.vendor.version" value="18.9"/>
    <property name="localRepository" value="F:\apache-maven-3.8.5\repository"/>
    <property name="java.vendor.url.bug" value="https://bugreport.java.com/bugreport/"/>
    <property name="java.io.tmpdir" value="C:\Users\Xu\AppData\Local\Temp\"/>
    <property name="idea.version" value="2021.1.3"/>
    <property name="java.version" value="11.0.10"/>
    <property name="user.dir" value="F:\Program\Java\DiningOrder"/>
    <property name="os.arch" value="amd64"/>
    <property name="java.vm.specification.name" value="Java Virtual Machine Specification"/>
    <property name="java.awt.printerjob" value="sun.awt.windows.WPrinterJob"/>
    <property name="sun.os.patch.level" value=""/>
    <property name="java.library.path" value="C:\Program Files\Java\jdk-11.0.10\bin;C:\Windows\Sun\Java\bin;C:\Windows\system32;C:\Windows;C:\Program Files (x86)\Common Files\Oracle\Java\javapath;C:\Program Files\PlasticSCM5\server;C:\Program Files\PlasticSCM5\client;F:\工具\VMware Workstation Pro\bin\;C:\Program Files\Java\jdk-11.0.10\jre\bin;C:\Program Files (x86)\Intel\iCLS Client\;C:\Program Files\Intel\iCLS Client\;C:\Windows\system32;C:\Windows;C:\Windows\System32\Wbem;C:\Windows\System32\WindowsPowerShell\v1.0\;C:\Windows\System32\OpenSSH\;F:\JetBrains\DataGrip 2020.3.2\MySQL-8.0.23\mysql-8.0.23-winx64\mysql-8.0.23-winx64\bin;F:\Anaconda3\Lib\site-packages\pyqt5_tools;F:\Anaconda\Scripts;F:\Anaconda;F:\Program\Github\Git\cmd;C:\Program Files (x86)\Calibre2\;C:\Users\Xu\AppData\Roaming\Python\Python36\Scripts;C:\Users\Xu\AppData\Roaming\Python\Python36;C:\Program Files\dotnet\;F:\Xftp\;F:\NodeJS\;F:\MinGW\mingw64\bin;F:\Program\Github\Git\bin;F:\Anaconda\Library\bin;F:\XShell\;F:\redis\;F:\nginx-1.22.0\;F:\elasticsearch-7.6.2-windows-x86_64\elasticsearch-7.6.2\bin;;C:\Program Files (x86)\NVIDIA Corporation\PhysX\Common;C:\Users\Xu\AppData\Local\Microsoft\WindowsApps;F:\JetBrains\DataGrip 2020.3.2\bin;;F:\JetBrains\PyCharm Community Edition 2020.3.3\bin;;F:\JetBrains\IntelliJ IDEA Community Edition 2020.3.2\bin;;C:\Users\Xu\.dotnet\tools;F:\VS Code\Microsoft VS Code\bin;C:\Users\Xu\AppData\Roaming\npm;."/>
    <property name="java.vendor" value="Oracle Corporation"/>
    <property name="java.vm.info" value="mixed mode"/>
    <property name="java.vm.version" value="11.0.10+8-LTS-162"/>
    <property name="sun.io.unicode.encoding" value="UnicodeLittle"/>
    <property name="maven.repo.local" value="F:\apache-maven-3.8.5\repository"/>
    <property name="java.class.version" value="55.0"/>
  </properties>
  <testcase name="shouldAnswerWithTrue" classname="org.example.AppTest" time="0.001"/>
</testsuite>